b'           <...>-7108    [000] ...21   273.248589: bpf_trace_printk: Hello World!'
b' update-notifier-7108    [000] ...21   273.263357: bpf_trace_printk: Hello World!'
b' update-notifier-7108    [000] ...21   273.266253: bpf_trace_printk: Hello World!'
b'       apt-check-7112    [003] ...21   273.363023: bpf_trace_printk: Hello World!'
b'       apt-check-7113    [001] ...21   273.410677: bpf_trace_printk: Hello World!'
b'           <...>-7114    [003] ...21   274.182786: bpf_trace_printk: Hello World!'
b'       apt-check-7115    [003] ...21   274.227377: bpf_trace_printk: Hello World!'
b'           <...>-7116    [001] ...21   274.628569: bpf_trace_printk: Hello World!'
b'           <...>-7116    [001] ...21   274.628793: bpf_trace_printk: Hello World!'
b'           <...>-7116    [001] ...21   274.628795: bpf_trace_printk: Hello World!'
b'           <...>-7116    [001] ...21   274.628796: bpf_trace_printk: Hello World!'
b'           <...>-7117    [000] ...21   274.663446: bpf_trace_printk: Hello World!'
b'           <...>-7117    [000] ...21   274.663592: bpf_trace_printk: Hello World!'
b'           <...>-7117    [000] ...21   274.663593: bpf_trace_printk: Hello World!'
b'           <...>-7117    [000] ...21   274.663612: bpf_trace_printk: Hello World!'
b'           <...>-7118    [000] ...21   274.696438: bpf_trace_printk: Hello World!'
b'           <...>-7118    [000] ...21   274.696577: bpf_trace_printk: Hello World!'
b'           <...>-7118    [000] ...21   274.696579: bpf_trace_printk: Hello World!'
b'           <...>-7118    [000] ...21   274.696580: bpf_trace_printk: Hello World!'
b'           <...>-7119    [001] ...21   274.771427: bpf_trace_printk: Hello World!'
b'           <...>-7119    [001] ...21   274.771651: bpf_trace_printk: Hello World!'
b'           <...>-7119    [001] ...21   274.771653: bpf_trace_printk: Hello World!'
b'           <...>-7119    [001] ...21   274.771655: bpf_trace_printk: Hello World!'
b'           <...>-7120    [000] ...21   274.803578: bpf_trace_printk: Hello World!'
b'           <...>-7120    [000] ...21   274.803726: bpf_trace_printk: Hello World!'
b'           <...>-7120    [000] ...21   274.803728: bpf_trace_printk: Hello World!'
b'           <...>-7120    [000] ...21   274.803730: bpf_trace_printk: Hello World!'
b'       apt-check-7121    [002] ...21   274.911821: bpf_trace_printk: Hello World!'
b'       apt-check-7121    [002] ...21   274.911944: bpf_trace_printk: Hello World!'
b'       apt-check-7121    [002] ...21   274.911945: bpf_trace_printk: Hello World!'
b'       apt-check-7121    [002] ...21   274.911947: bpf_trace_printk: Hello World!'
b'           <...>-7122    [000] ...21   274.955114: bpf_trace_printk: Hello World!'
b'           <...>-7122    [000] ...21   274.955378: bpf_trace_printk: Hello World!'
b'           <...>-7122    [000] ...21   274.955380: bpf_trace_printk: Hello World!'
b'           <...>-7122    [000] ...21   274.955381: bpf_trace_printk: Hello World!'
b'       apt-check-7123    [002] ...21   275.001287: bpf_trace_printk: Hello World!'
b'       apt-check-7123    [002] ...21   275.001414: bpf_trace_printk: Hello World!'
b'       apt-check-7123    [002] ...21   275.001417: bpf_trace_printk: Hello World!'
b'       apt-check-7123    [002] ...21   275.001418: bpf_trace_printk: Hello World!'
b'       apt-check-7124    [002] ...21   275.043557: bpf_trace_printk: Hello World!'
b'       apt-check-7124    [002] ...21   275.043852: bpf_trace_printk: Hello World!'
b'       apt-check-7124    [002] ...21   275.043854: bpf_trace_printk: Hello World!'
b'       apt-check-7124    [002] ...21   275.043855: bpf_trace_printk: Hello World!'
b'           <...>-7125    [002] ...21   275.108002: bpf_trace_printk: Hello World!'
b'           <...>-7125    [002] ...21   275.108416: bpf_trace_printk: Hello World!'
b'           <...>-7125    [002] ...21   275.108418: bpf_trace_printk: Hello World!'
b'           <...>-7125    [002] ...21   275.108419: bpf_trace_printk: Hello World!'
b'           <...>-7126    [002] ...21   275.202015: bpf_trace_printk: Hello World!'
b'           <...>-7126    [002] ...21   275.202210: bpf_trace_printk: Hello World!'
b'           <...>-7126    [002] ...21   275.202212: bpf_trace_printk: Hello World!'
b'           <...>-7126    [002] ...21   275.202214: bpf_trace_printk: Hello World!'
b'           <...>-7127    [003] ...21   275.233739: bpf_trace_printk: Hello World!'
b'           <...>-7127    [003] ...21   275.234004: bpf_trace_printk: Hello World!'
b'           <...>-7127    [003] ...21   275.234006: bpf_trace_printk: Hello World!'
b'           <...>-7127    [003] ...21   275.234008: bpf_trace_printk: Hello World!'
b'           <...>-7128    [003] ...21   275.264366: bpf_trace_printk: Hello World!'
b'           <...>-7128    [003] ...21   275.264527: bpf_trace_printk: Hello World!'
b'           <...>-7128    [003] ...21   275.264528: bpf_trace_printk: Hello World!'
b'           <...>-7128    [003] ...21   275.264530: bpf_trace_printk: Hello World!'
b'       apt-check-7129    [002] ...21   275.301753: bpf_trace_printk: Hello World!'
b'       apt-check-7129    [002] ...21   275.301882: bpf_trace_printk: Hello World!'
b'       apt-check-7129    [002] ...21   275.301884: bpf_trace_printk: Hello World!'
b'       apt-check-7129    [002] ...21   275.301885: bpf_trace_printk: Hello World!'
b'       apt-check-7130    [002] ...21   275.375777: bpf_trace_printk: Hello World!'
b'       apt-check-7130    [002] ...21   275.376039: bpf_trace_printk: Hello World!'
b'       apt-check-7130    [002] ...21   275.376040: bpf_trace_printk: Hello World!'
b'       apt-check-7130    [002] ...21   275.376042: bpf_trace_printk: Hello World!'
b'           <...>-7131    [001] ...21   275.410936: bpf_trace_printk: Hello World!'
b'           <...>-7131    [001] ...21   275.411102: bpf_trace_printk: Hello World!'
b'           <...>-7131    [001] ...21   275.411104: bpf_trace_printk: Hello World!'
b'           <...>-7131    [001] ...21   275.411106: bpf_trace_printk: Hello World!'
b'           <...>-7132    [002] ...21   275.483483: bpf_trace_printk: Hello World!'
b'           <...>-7132    [002] ...21   275.483640: bpf_trace_printk: Hello World!'
b'           <...>-7132    [002] ...21   275.483642: bpf_trace_printk: Hello World!'
b'           <...>-7132    [002] ...21   275.483644: bpf_trace_printk: Hello World!'
b'           <...>-7133    [002] ...21   275.521221: bpf_trace_printk: Hello World!'
b'           <...>-7133    [002] ...21   275.521515: bpf_trace_printk: Hello World!'
b'           <...>-7133    [002] ...21   275.521517: bpf_trace_printk: Hello World!'
b'           <...>-7133    [002] ...21   275.521518: bpf_trace_printk: Hello World!'
b'           <...>-7134    [001] ...21   275.587286: bpf_trace_printk: Hello World!'
b'           <...>-7134    [001] ...21   275.587444: bpf_trace_printk: Hello World!'
b'           <...>-7134    [001] ...21   275.587445: bpf_trace_printk: Hello World!'
b'           <...>-7134    [001] ...21   275.587447: bpf_trace_printk: Hello World!'
b'           <...>-7135    [001] ...21   275.623827: bpf_trace_printk: Hello World!'
b'           <...>-7135    [001] ...21   275.624054: bpf_trace_printk: Hello World!'
b'           <...>-7135    [001] ...21   275.624055: bpf_trace_printk: Hello World!'
b'           <...>-7135    [001] ...21   275.624057: bpf_trace_printk: Hello World!'
b'           <...>-7136    [003] ...21   275.794029: bpf_trace_printk: Hello World!'
b'           <...>-7136    [003] ...21   275.794199: bpf_trace_printk: Hello World!'
b'           <...>-7136    [003] ...21   275.794201: bpf_trace_printk: Hello World!'
b'           <...>-7136    [003] ...21   275.794202: bpf_trace_printk: Hello World!'
b'           <...>-7137    [001] ...21   275.857084: bpf_trace_printk: Hello World!'
b'           <...>-7137    [001] ...21   275.857324: bpf_trace_printk: Hello World!'
b'           <...>-7137    [001] ...21   275.857325: bpf_trace_printk: Hello World!'
b'           <...>-7137    [001] ...21   275.857327: bpf_trace_printk: Hello World!'
b'           <...>-7138    [001] ...21   275.889796: bpf_trace_printk: Hello World!'
b'           <...>-7138    [001] ...21   275.889954: bpf_trace_printk: Hello World!'
b'           <...>-7138    [001] ...21   275.889956: bpf_trace_printk: Hello World!'
b'           <...>-7138    [001] ...21   275.889958: bpf_trace_printk: Hello World!'
b'           <...>-7139    [001] ...21   275.980832: bpf_trace_printk: Hello World!'
b'           <...>-7139    [001] ...21   275.980983: bpf_trace_printk: Hello World!'
b'           <...>-7139    [001] ...21   275.980985: bpf_trace_printk: Hello World!'
b'           <...>-7139    [001] ...21   275.980987: bpf_trace_printk: Hello World!'
b'           <...>-7140    [001] ...21   276.014821: bpf_trace_printk: Hello World!'
b'           <...>-7140    [001] ...21   276.014969: bpf_trace_printk: Hello World!'
b'           <...>-7140    [001] ...21   276.014971: bpf_trace_printk: Hello World!'
b'           <...>-7140    [001] ...21   276.014973: bpf_trace_printk: Hello World!'
b'       apt-check-7141    [001] ...21   276.043832: bpf_trace_printk: Hello World!'
b'       apt-check-7141    [001] ...21   276.044152: bpf_trace_printk: Hello World!'
b'       apt-check-7141    [001] ...21   276.044154: bpf_trace_printk: Hello World!'
b'       apt-check-7141    [001] ...21   276.044156: bpf_trace_printk: Hello World!'
b'           <...>-7142    [001] ...21   276.134760: bpf_trace_printk: Hello World!'
b'           <...>-7142    [001] ...21   276.134922: bpf_trace_printk: Hello World!'
b'           <...>-7142    [001] ...21   276.134924: bpf_trace_printk: Hello World!'
b'           <...>-7142    [001] ...21   276.134926: bpf_trace_printk: Hello World!'
b'       apt-check-7143    [002] ...21   276.168105: bpf_trace_printk: Hello World!'
b'       apt-check-7143    [002] ...21   276.168420: bpf_trace_printk: Hello World!'
b'       apt-check-7143    [002] ...21   276.168569: bpf_trace_printk: Hello World!'
b'       apt-check-7143    [002] ...21   276.168707: bpf_trace_printk: Hello World!'
b'           <...>-7144    [001] ...21   276.204049: bpf_trace_printk: Hello World!'
b'           <...>-7144    [001] ...21   276.204313: bpf_trace_printk: Hello World!'
b'           <...>-7144    [001] ...21   276.204315: bpf_trace_printk: Hello World!'
b'           <...>-7144    [001] ...21   276.204317: bpf_trace_printk: Hello World!'
b'           <...>-7145    [003] ...21   276.241564: bpf_trace_printk: Hello World!'
b'           <...>-7145    [003] ...21   276.241716: bpf_trace_printk: Hello World!'
b'           <...>-7145    [003] ...21   276.241718: bpf_trace_printk: Hello World!'
b'           <...>-7145    [003] ...21   276.241720: bpf_trace_printk: Hello World!'
b'           <...>-7146    [003] ...21   276.280189: bpf_trace_printk: Hello World!'
b'           <...>-7146    [003] ...21   276.280353: bpf_trace_printk: Hello World!'
b'           <...>-7146    [003] ...21   276.280355: bpf_trace_printk: Hello World!'
b'           <...>-7146    [003] ...21   276.280357: bpf_trace_printk: Hello World!'
b'       apt-check-7147    [001] .N.21   276.335593: bpf_trace_printk: Hello World!'
b'       apt-check-7147    [002] ...21   276.357115: bpf_trace_printk: Hello World!'
b'       apt-check-7147    [002] ...21   276.357310: bpf_trace_printk: Hello World!'
b'       apt-check-7147    [002] ...21   276.357460: bpf_trace_printk: Hello World!'
b'           <...>-7148    [003] ...21   276.400795: bpf_trace_printk: Hello World!'
b'           <...>-7148    [003] ...21   276.401304: bpf_trace_printk: Hello World!'
b'           <...>-7148    [003] ...21   276.401306: bpf_trace_printk: Hello World!'
b'           <...>-7148    [003] ...21   276.401308: bpf_trace_printk: Hello World!'
b'       apt-check-7149    [002] ...21   276.491106: bpf_trace_printk: Hello World!'
b'       apt-check-7149    [002] ...21   276.491226: bpf_trace_printk: Hello World!'
b'       apt-check-7149    [002] ...21   276.491228: bpf_trace_printk: Hello World!'
b'       apt-check-7149    [002] ...21   276.491230: bpf_trace_printk: Hello World!'
b'       apt-check-7150    [002] ...21   276.525225: bpf_trace_printk: Hello World!'
b'       apt-check-7150    [002] ...21   276.525388: bpf_trace_printk: Hello World!'
b'       apt-check-7150    [002] ...21   276.525390: bpf_trace_printk: Hello World!'
b'       apt-check-7150    [002] ...21   276.525392: bpf_trace_printk: Hello World!'
b'           <...>-7151    [001] ...21   276.573776: bpf_trace_printk: Hello World!'
b'           <...>-7151    [001] ...21   276.573942: bpf_trace_printk: Hello World!'
b'           <...>-7151    [001] ...21   276.573943: bpf_trace_printk: Hello World!'
b'           <...>-7151    [001] ...21   276.573945: bpf_trace_printk: Hello World!'
b'           <...>-7152    [001] ...21   276.614023: bpf_trace_printk: Hello World!'
b'           <...>-7152    [001] ...21   276.614179: bpf_trace_printk: Hello World!'
b'           <...>-7152    [001] ...21   276.614180: bpf_trace_printk: Hello World!'
b'           <...>-7152    [001] ...21   276.614182: bpf_trace_printk: Hello World!'
b'           <...>-7153    [001] ...21   276.667141: bpf_trace_printk: Hello World!'
b'           <...>-7153    [001] ...21   276.667304: bpf_trace_printk: Hello World!'
b'           <...>-7153    [001] ...21   276.667306: bpf_trace_printk: Hello World!'
b'           <...>-7153    [001] ...21   276.667308: bpf_trace_printk: Hello World!'
b'       apt-check-7154    [002] ...21   276.789675: bpf_trace_printk: Hello World!'
b'       apt-check-7154    [002] ...21   276.789896: bpf_trace_printk: Hello World!'
b'       apt-check-7154    [002] ...21   276.789898: bpf_trace_printk: Hello World!'
b'       apt-check-7154    [002] ...21   276.789900: bpf_trace_printk: Hello World!'
b'     lsb_release-7155    [002] ...21   276.860031: bpf_trace_printk: Hello World!'
b'     lsb_release-7155    [002] ...21   276.860175: bpf_trace_printk: Hello World!'
b'     lsb_release-7155    [002] ...21   276.860177: bpf_trace_printk: Hello World!'
b'     lsb_release-7155    [002] ...21   276.860179: bpf_trace_printk: Hello World!'
b'           <...>-7156    [003] ...21   276.893040: bpf_trace_printk: Hello World!'
b'           <...>-7156    [003] ...21   276.893392: bpf_trace_printk: Hello World!'
b'           <...>-7156    [003] ...21   276.893394: bpf_trace_printk: Hello World!'
b'           <...>-7156    [003] ...21   276.893396: bpf_trace_printk: Hello World!'
b'           <...>-7157    [002] ...21   276.927666: bpf_trace_printk: Hello World!'
b'           <...>-7157    [002] ...21   276.927828: bpf_trace_printk: Hello World!'
b'           <...>-7157    [002] ...21   276.927830: bpf_trace_printk: Hello World!'
b'           <...>-7157    [002] ...21   276.927831: bpf_trace_printk: Hello World!'
b'           <...>-7158    [001] ...21   277.020163: bpf_trace_printk: Hello World!'
b'           <...>-7158    [001] ...21   277.020326: bpf_trace_printk: Hello World!'
b'           <...>-7158    [001] ...21   277.020328: bpf_trace_printk: Hello World!'
b'           <...>-7158    [001] ...21   277.020330: bpf_trace_printk: Hello World!'
b'           <...>-7159    [002] ...21   277.053980: bpf_trace_printk: Hello World!'
b'           <...>-7159    [002] ...21   277.054132: bpf_trace_printk: Hello World!'
b'           <...>-7159    [002] ...21   277.054134: bpf_trace_printk: Hello World!'
b'           <...>-7159    [002] ...21   277.054135: bpf_trace_printk: Hello World!'
b'           <...>-7160    [003] ...21   277.098656: bpf_trace_printk: Hello World!'
b'           <...>-7160    [003] ...21   277.098775: bpf_trace_printk: Hello World!'
b'           <...>-7160    [003] ...21   277.098777: bpf_trace_printk: Hello World!'
b'           <...>-7160    [003] ...21   277.098778: bpf_trace_printk: Hello World!'
b'           <...>-7161    [003] ...21   277.127591: bpf_trace_printk: Hello World!'
b'           <...>-7161    [003] ...21   277.127791: bpf_trace_printk: Hello World!'
b'           <...>-7161    [003] ...21   277.127793: bpf_trace_printk: Hello World!'
b'           <...>-7161    [003] ...21   277.127795: bpf_trace_printk: Hello World!'
b'       apt-check-7162    [000] ...21   277.155786: bpf_trace_printk: Hello World!'
b'       apt-check-7162    [000] ...21   277.155916: bpf_trace_printk: Hello World!'
b'       apt-check-7162    [000] ...21   277.155918: bpf_trace_printk: Hello World!'
b'       apt-check-7162    [000] ...21   277.155920: bpf_trace_printk: Hello World!'
b'       apt-check-7163    [000] ...21   277.197174: bpf_trace_printk: Hello World!'
b'       apt-check-7163    [000] ...21   277.202868: bpf_trace_printk: Hello World!'
b'       apt-check-7163    [000] ...21   277.203216: bpf_trace_printk: Hello World!'
b'       apt-check-7163    [000] ...21   277.203219: bpf_trace_printk: Hello World!'
b'     lsb_release-7164    [003] ...21   277.319322: bpf_trace_printk: Hello World!'
b'     lsb_release-7164    [003] ...21   277.319483: bpf_trace_printk: Hello World!'
b'     lsb_release-7164    [003] ...21   277.319485: bpf_trace_printk: Hello World!'
b'     lsb_release-7164    [003] ...21   277.319487: bpf_trace_printk: Hello World!'
b'       apt-check-7165    [000] ...21   277.365746: bpf_trace_printk: Hello World!'
b'       apt-check-7165    [000] ...21   277.365893: bpf_trace_printk: Hello World!'
b'       apt-check-7165    [000] ...21   277.365895: bpf_trace_printk: Hello World!'
b'       apt-check-7165    [000] ...21   277.365897: bpf_trace_printk: Hello World!'
b'           <...>-7166    [003] ...21   277.407423: bpf_trace_printk: Hello World!'
b'           <...>-7166    [003] ...21   277.407683: bpf_trace_printk: Hello World!'
b'           <...>-7166    [003] ...21   277.407685: bpf_trace_printk: Hello World!'
b'           <...>-7166    [003] ...21   277.407686: bpf_trace_printk: Hello World!'
b'           <...>-7167    [003] ...21   277.456714: bpf_trace_printk: Hello World!'
b'           <...>-7167    [003] ...21   277.456888: bpf_trace_printk: Hello World!'
b'           <...>-7167    [003] ...21   277.456890: bpf_trace_printk: Hello World!'
b'           <...>-7167    [003] ...21   277.456892: bpf_trace_printk: Hello World!'
b'           <...>-7168    [003] ...21   277.544572: bpf_trace_printk: Hello World!'
b'           <...>-7168    [003] ...21   277.544834: bpf_trace_printk: Hello World!'
b'           <...>-7168    [003] ...21   277.544836: bpf_trace_printk: Hello World!'
b'           <...>-7168    [003] ...21   277.544837: bpf_trace_printk: Hello World!'
b'           <...>-7169    [003] ...21   277.575742: bpf_trace_printk: Hello World!'
b'           <...>-7169    [003] ...21   277.575990: bpf_trace_printk: Hello World!'
b'           <...>-7169    [003] ...21   277.575992: bpf_trace_printk: Hello World!'
b'           <...>-7169    [003] ...21   277.575994: bpf_trace_printk: Hello World!'
b'           <...>-7170    [003] ...21   277.605666: bpf_trace_printk: Hello World!'
b'           <...>-7170    [003] ...21   277.606002: bpf_trace_printk: Hello World!'
b'           <...>-7170    [003] ...21   277.606004: bpf_trace_printk: Hello World!'
b'           <...>-7170    [003] ...21   277.606006: bpf_trace_printk: Hello World!'
b'           <...>-7171    [003] ...21   277.658456: bpf_trace_printk: Hello World!'
b'           <...>-7171    [003] ...21   277.658760: bpf_trace_printk: Hello World!'
b'           <...>-7171    [003] ...21   277.658762: bpf_trace_printk: Hello World!'
b'           <...>-7171    [003] ...21   277.658764: bpf_trace_printk: Hello World!'
b'       apt-check-7172    [003] ...21   277.753754: bpf_trace_printk: Hello World!'
b'       apt-check-7172    [003] ...21   277.753931: bpf_trace_printk: Hello World!'
b'       apt-check-7172    [003] ...21   277.753932: bpf_trace_printk: Hello World!'
b'       apt-check-7172    [003] ...21   277.753934: bpf_trace_printk: Hello World!'
b'       apt-check-7173    [001] .N.21   277.788627: bpf_trace_printk: Hello World!'
b'       apt-check-7173    [001] ...21   277.788785: bpf_trace_printk: Hello World!'
b'       apt-check-7173    [001] ...21   277.788787: bpf_trace_printk: Hello World!'
b'       apt-check-7173    [001] ...21   277.788789: bpf_trace_printk: Hello World!'
b'           <...>-7174    [001] ...21   277.824827: bpf_trace_printk: Hello World!'
b'           <...>-7174    [001] ...21   277.824985: bpf_trace_printk: Hello World!'
b'           <...>-7174    [001] ...21   277.824987: bpf_trace_printk: Hello World!'
b'           <...>-7174    [001] ...21   277.824989: bpf_trace_printk: Hello World!'
b'       apt-check-7175    [002] ...21   277.865771: bpf_trace_printk: Hello World!'
b'       apt-check-7175    [002] ...21   277.865929: bpf_trace_printk: Hello World!'
b'       apt-check-7175    [002] ...21   277.865931: bpf_trace_printk: Hello World!'
b'       apt-check-7175    [002] ...21   277.865933: bpf_trace_printk: Hello World!'
b'           <...>-7176    [000] ...21   277.987809: bpf_trace_printk: Hello World!'
b'           <...>-7176    [000] ...21   277.987967: bpf_trace_printk: Hello World!'
b'           <...>-7176    [000] ...21   277.987969: bpf_trace_printk: Hello World!'
b'           <...>-7176    [000] ...21   277.987971: bpf_trace_printk: Hello World!'
b'           <...>-7177    [003] ...21   278.021287: bpf_trace_printk: Hello World!'
b'           <...>-7177    [003] ...21   278.022106: bpf_trace_printk: Hello World!'
b'           <...>-7177    [003] ...21   278.022109: bpf_trace_printk: Hello World!'
b'           <...>-7177    [003] ...21   278.022110: bpf_trace_printk: Hello World!'
b'       apt-check-7178    [001] ...21   278.054224: bpf_trace_printk: Hello World!'
b'       apt-check-7178    [001] ...21   278.054543: bpf_trace_printk: Hello World!'
b'       apt-check-7178    [001] ...21   278.054667: bpf_trace_printk: Hello World!'
b'       apt-check-7178    [003] ...21   278.059763: bpf_trace_printk: Hello World!'
b'           <...>-7179    [000] ...21   278.156406: bpf_trace_printk: Hello World!'
b'           <...>-7179    [000] ...21   278.156595: bpf_trace_printk: Hello World!'
b'           <...>-7179    [000] ...21   278.156597: bpf_trace_printk: Hello World!'
b'           <...>-7179    [000] ...21   278.156599: bpf_trace_printk: Hello World!'
b'           <...>-7180    [000] ...21   278.190994: bpf_trace_printk: Hello World!'
b'           <...>-7180    [000] ...21   278.191183: bpf_trace_printk: Hello World!'
b'           <...>-7180    [000] ...21   278.191185: bpf_trace_printk: Hello World!'
b'           <...>-7180    [000] ...21   278.191187: bpf_trace_printk: Hello World!'
b'       apt-check-7181    [003] ...21   278.252744: bpf_trace_printk: Hello World!'
b'       apt-check-7181    [003] ...21   278.252972: bpf_trace_printk: Hello World!'
b'       apt-check-7181    [003] ...21   278.252974: bpf_trace_printk: Hello World!'
b'       apt-check-7181    [003] ...21   278.252975: bpf_trace_printk: Hello World!'
b'           <...>-7182    [003] ...21   278.351229: bpf_trace_printk: Hello World!'
b'           <...>-7182    [003] ...21   278.351498: bpf_trace_printk: Hello World!'
b'           <...>-7182    [003] ...21   278.351500: bpf_trace_printk: Hello World!'
b'           <...>-7182    [003] ...21   278.351502: bpf_trace_printk: Hello World!'
b'           <...>-7183    [003] ...21   278.384387: bpf_trace_printk: Hello World!'
b'           <...>-7183    [003] ...21   278.384532: bpf_trace_printk: Hello World!'
b'           <...>-7183    [003] ...21   278.384534: bpf_trace_printk: Hello World!'
b'           <...>-7183    [003] ...21   278.384536: bpf_trace_printk: Hello World!'
b'           <...>-7184    [003] ...21   278.414382: bpf_trace_printk: Hello World!'
b'           <...>-7184    [003] ...21   278.414742: bpf_trace_printk: Hello World!'
b'           <...>-7184    [003] ...21   278.414744: bpf_trace_printk: Hello World!'
b'           <...>-7184    [003] ...21   278.414746: bpf_trace_printk: Hello World!'
b'     lsb_release-7185    [003] ...21   278.454699: bpf_trace_printk: Hello World!'
b'     lsb_release-7185    [003] ...21   278.454987: bpf_trace_printk: Hello World!'
b'     lsb_release-7185    [003] ...21   278.454989: bpf_trace_printk: Hello World!'
b'     lsb_release-7185    [003] ...21   278.454991: bpf_trace_printk: Hello World!'
